<?xml version='1.0' encoding='UTF-8'?>
<testsuite hostname="williams-air.mynet" name="RnaTranscriptionTest" tests="5" errors="0" failures="0" skipped="0" time="0.023" timestamp="2022-05-10T11:40:33">
          <properties>
[...]
</properties>
          <testcase classname="RnaTranscriptionTest" name="RNA complement of cytosine is guanine" time="0.022">
                      
                    </testcase><testcase classname="RnaTranscriptionTest" name="RNA complement of guanine is cytosine" time="0.0">
                      
                    </testcase><testcase classname="RnaTranscriptionTest" name="RNA complement of thymine is adenine" time="0.001">
                      
                    </testcase><testcase classname="RnaTranscriptionTest" name="RNA complement of adenine is uracil" time="0.0">
                      
                    </testcase><testcase classname="RnaTranscriptionTest" name="RNA complement" time="0.0">
                      
                    </testcase>
          <system-out><![CDATA[]]></system-out>
          <system-err><![CDATA[]]></system-err>
        </testsuite>