<?xml version='1.0' encoding='UTF-8'?>
<testsuite hostname="williams-air.mynet" name="SpaceAgeTest" tests="8" errors="0" failures="0" skipped="0" time="0.009" timestamp="2022-04-15T17:28:22">
          <properties>
[...]
</properties>
          <testcase classname="SpaceAgeTest" name="age on Earth" time="0.009">
                      
                    </testcase><testcase classname="SpaceAgeTest" name="age on Mercury" time="0.0">
                      
                    </testcase><testcase classname="SpaceAgeTest" name="age on Venus" time="0.0">
                      
                    </testcase><testcase classname="SpaceAgeTest" name="age on Mars" time="0.0">
                      
                    </testcase><testcase classname="SpaceAgeTest" name="age on Jupiter" time="0.0">
                      
                    </testcase><testcase classname="SpaceAgeTest" name="age on Saturn" time="0.0">
                      
                    </testcase><testcase classname="SpaceAgeTest" name="age on Uranus" time="0.0">
                      
                    </testcase><testcase classname="SpaceAgeTest" name="age on Neptune" time="0.0">
                      
                    </testcase>
          <system-out><![CDATA[]]></system-out>
          <system-err><![CDATA[]]></system-err>
        </testsuite>